The system is: Linux - 3.10.0-957.21.3.el7.x86_64 - x86_64
Compiling the C compiler identification source file "CMakeCCompilerId.c" succeeded.
Compiler: /usr/local/gcc-9.1.0/bin/gcc 
Build flags: 
Id flags:  

The output was:
0


Compilation of the C compiler identification source "CMakeCCompilerId.c" produced "a.out"

The C compiler identification is GNU, found in "/root/game/03_01_pf/src/libs/libserver/CMakeFiles/3.14.6/CompilerIdC/a.out"

Compiling the CXX compiler identification source file "CMakeCXXCompilerId.cpp" succeeded.
Compiler: /usr/local/gcc-9.1.0/bin/g++ 
Build flags: 
Id flags:  

The output was:
0


Compilation of the CXX compiler identification source "CMakeCXXCompilerId.cpp" produced "a.out"

The CXX compiler identification is GNU, found in "/root/game/03_01_pf/src/libs/libserver/CMakeFiles/3.14.6/CompilerIdCXX/a.out"

Determining if the C compiler works passed with the following output:
Change Dir: /root/game/03_01_pf/src/libs/libserver/CMakeFiles/CMakeTmp

Run Build Command(s):/usr/bin/gmake cmTC_e8aed/fast 
/usr/bin/gmake -f CMakeFiles/cmTC_e8aed.dir/build.make CMakeFiles/cmTC_e8aed.dir/build
gmake[1]: 进入目录“/root/game/03_01_pf/src/libs/libserver/CMakeFiles/CMakeTmp”
Building C object CMakeFiles/cmTC_e8aed.dir/testCCompiler.c.o
/usr/local/gcc-9.1.0/bin/gcc    -o CMakeFiles/cmTC_e8aed.dir/testCCompiler.c.o   -c /root/game/03_01_pf/src/libs/libserver/CMakeFiles/CMakeTmp/testCCompiler.c
Linking C executable cmTC_e8aed
/usr/bin/cmake3 -E cmake_link_script CMakeFiles/cmTC_e8aed.dir/link.txt --verbose=1
/usr/local/gcc-9.1.0/bin/gcc      -rdynamic CMakeFiles/cmTC_e8aed.dir/testCCompiler.c.o  -o cmTC_e8aed 
gmake[1]: 离开目录“/root/game/03_01_pf/src/libs/libserver/CMakeFiles/CMakeTmp”


Detecting C compiler ABI info compiled with the following output:
Change Dir: /root/game/03_01_pf/src/libs/libserver/CMakeFiles/CMakeTmp

Run Build Command(s):/usr/bin/gmake cmTC_5dcc6/fast 
/usr/bin/gmake -f CMakeFiles/cmTC_5dcc6.dir/build.make CMakeFiles/cmTC_5dcc6.dir/build
gmake[1]: Entering directory `/root/game/03_01_pf/src/libs/libserver/CMakeFiles/CMakeTmp'
Building C object CMakeFiles/cmTC_5dcc6.dir/CMakeCCompilerABI.c.o
/usr/local/gcc-9.1.0/bin/gcc   -v -o CMakeFiles/cmTC_5dcc6.dir/CMakeCCompilerABI.c.o   -c /usr/share/cmake3/Modules/CMakeCCompilerABI.c
Using built-in specs.
COLLECT_GCC=/usr/local/gcc-9.1.0/bin/gcc
Target: x86_64-pc-linux-gnu
Configured with: ../configure --prefix=/usr/local/gcc-9.1.0 --enable-languages=c,c++ --disable-multilib
Thread model: posix
gcc version 9.1.0 (GCC) 
COLLECT_GCC_OPTIONS='-v' '-o' 'CMakeFiles/cmTC_5dcc6.dir/CMakeCCompilerABI.c.o' '-c' '-mtune=generic' '-march=x86-64'
 /usr/local/gcc-9.1.0/libexec/gcc/x86_64-pc-linux-gnu/9.1.0/cc1 -quiet -v /usr/share/cmake3/Modules/CMakeCCompilerABI.c -quiet -dumpbase CMakeCCompilerABI.c -mtune=generic -march=x86-64 -auxbase-strip CMakeFiles/cmTC_5dcc6.dir/CMakeCCompilerABI.c.o -version -o /tmp/ccI1Pr9R.s
GNU C17 (GCC) version 9.1.0 (x86_64-pc-linux-gnu)
	compiled by GNU C version 9.1.0, GMP version 6.1.0, MPFR version 3.1.4, MPC version 1.0.3, isl version isl-0.18-GMP

GGC heuristics: --param ggc-min-expand=100 --param ggc-min-heapsize=131072
ignoring nonexistent directory "/usr/local/gcc-9.1.0/lib/gcc/x86_64-pc-linux-gnu/9.1.0/../../../../x86_64-pc-linux-gnu/include"
#include "..." search starts here:
#include <...> search starts here:
 /usr/local/gcc-9.1.0/lib/gcc/x86_64-pc-linux-gnu/9.1.0/include
 /usr/local/include
 /usr/local/gcc-9.1.0/include
 /usr/local/gcc-9.1.0/lib/gcc/x86_64-pc-linux-gnu/9.1.0/include-fixed
 /usr/include
End of search list.
GNU C17 (GCC) version 9.1.0 (x86_64-pc-linux-gnu)
	compiled by GNU C version 9.1.0, GMP version 6.1.0, MPFR version 3.1.4, MPC version 1.0.3, isl version isl-0.18-GMP

GGC heuristics: --param ggc-min-expand=100 --param ggc-min-heapsize=131072
Compiler executable checksum: 25a3593c635bcce9821c5003ef48b0e5
COLLECT_GCC_OPTIONS='-v' '-o' 'CMakeFiles/cmTC_5dcc6.dir/CMakeCCompilerABI.c.o' '-c' '-mtune=generic' '-march=x86-64'
 as -v --64 -o CMakeFiles/cmTC_5dcc6.dir/CMakeCCompilerABI.c.o /tmp/ccI1Pr9R.s
GNU assembler version 2.27 (x86_64-redhat-linux) using BFD version version 2.27-34.base.el7
COMPILER_PATH=/usr/local/gcc-9.1.0/libexec/gcc/x86_64-pc-linux-gnu/9.1.0/:/usr/local/gcc-9.1.0/libexec/gcc/x86_64-pc-linux-gnu/9.1.0/:/usr/local/gcc-9.1.0/libexec/gcc/x86_64-pc-linux-gnu/:/usr/local/gcc-9.1.0/lib/gcc/x86_64-pc-linux-gnu/9.1.0/:/usr/local/gcc-9.1.0/lib/gcc/x86_64-pc-linux-gnu/
LIBRARY_PATH=/usr/local/lib/../lib64/:/usr/local/gcc-9.1.0/lib/gcc/x86_64-pc-linux-gnu/9.1.0/:/usr/local/gcc-9.1.0/lib/gcc/x86_64-pc-linux-gnu/9.1.0/../../../../lib64/:/lib/../lib64/:/usr/lib/../lib64/:/usr/local/lib/:./:/usr/local/gcc-9.1.0/lib/gcc/x86_64-pc-linux-gnu/9.1.0/../../../:/lib/:/usr/lib/
COLLECT_GCC_OPTIONS='-v' '-o' 'CMakeFiles/cmTC_5dcc6.dir/CMakeCCompilerABI.c.o' '-c' '-mtune=generic' '-march=x86-64'
Linking C executable cmTC_5dcc6
/usr/bin/cmake3 -E cmake_link_script CMakeFiles/cmTC_5dcc6.dir/link.txt --verbose=1
/usr/local/gcc-9.1.0/bin/gcc     -v -rdynamic CMakeFiles/cmTC_5dcc6.dir/CMakeCCompilerABI.c.o  -o cmTC_5dcc6 
Using built-in specs.
COLLECT_GCC=/usr/local/gcc-9.1.0/bin/gcc
COLLECT_LTO_WRAPPER=/usr/local/gcc-9.1.0/libexec/gcc/x86_64-pc-linux-gnu/9.1.0/lto-wrapper
Target: x86_64-pc-linux-gnu
Configured with: ../configure --prefix=/usr/local/gcc-9.1.0 --enable-languages=c,c++ --disable-multilib
Thread model: posix
gcc version 9.1.0 (GCC) 
COMPILER_PATH=/usr/local/gcc-9.1.0/libexec/gcc/x86_64-pc-linux-gnu/9.1.0/:/usr/local/gcc-9.1.0/libexec/gcc/x86_64-pc-linux-gnu/9.1.0/:/usr/local/gcc-9.1.0/libexec/gcc/x86_64-pc-linux-gnu/:/usr/local/gcc-9.1.0/lib/gcc/x86_64-pc-linux-gnu/9.1.0/:/usr/local/gcc-9.1.0/lib/gcc/x86_64-pc-linux-gnu/
LIBRARY_PATH=/usr/local/lib/../lib64/:/usr/local/gcc-9.1.0/lib/gcc/x86_64-pc-linux-gnu/9.1.0/:/usr/local/gcc-9.1.0/lib/gcc/x86_64-pc-linux-gnu/9.1.0/../../../../lib64/:/lib/../lib64/:/usr/lib/../lib64/:/usr/local/lib/:./:/usr/local/gcc-9.1.0/lib/gcc/x86_64-pc-linux-gnu/9.1.0/../../../:/lib/:/usr/lib/
COLLECT_GCC_OPTIONS='-v' '-rdynamic' '-o' 'cmTC_5dcc6' '-mtune=generic' '-march=x86-64'
 /usr/local/gcc-9.1.0/libexec/gcc/x86_64-pc-linux-gnu/9.1.0/collect2 -plugin /usr/local/gcc-9.1.0/libexec/gcc/x86_64-pc-linux-gnu/9.1.0/liblto_plugin.so -plugin-opt=/usr/local/gcc-9.1.0/libexec/gcc/x86_64-pc-linux-gnu/9.1.0/lto-wrapper -plugin-opt=-fresolution=/tmp/ccLF5X2W.res -plugin-opt=-pass-through=-lgcc -plugin-opt=-pass-through=-lgcc_s -plugin-opt=-pass-through=-lc -plugin-opt=-pass-through=-lgcc -plugin-opt=-pass-through=-lgcc_s --eh-frame-hdr -m elf_x86_64 -export-dynamic -dynamic-linker /lib64/ld-linux-x86-64.so.2 -o cmTC_5dcc6 /lib/../lib64/crt1.o /lib/../lib64/crti.o /usr/local/gcc-9.1.0/lib/gcc/x86_64-pc-linux-gnu/9.1.0/crtbegin.o -L/usr/local/lib/../lib64 -L/usr/local/gcc-9.1.0/lib/gcc/x86_64-pc-linux-gnu/9.1.0 -L/usr/local/gcc-9.1.0/lib/gcc/x86_64-pc-linux-gnu/9.1.0/../../../../lib64 -L/lib/../lib64 -L/usr/lib/../lib64 -L/usr/local/lib -L. -L/usr/local/gcc-9.1.0/lib/gcc/x86_64-pc-linux-gnu/9.1.0/../../.. CMakeFiles/cmTC_5dcc6.dir/CMakeCCompilerABI.c.o -lgcc --as-needed -lgcc_s --no-as-needed -lc -lgcc --as-needed -lgcc_s --no-as-needed /usr/local/gcc-9.1.0/lib/gcc/x86_64-pc-linux-gnu/9.1.0/crtend.o /lib/../lib64/crtn.o
COLLECT_GCC_OPTIONS='-v' '-rdynamic' '-o' 'cmTC_5dcc6' '-mtune=generic' '-march=x86-64'
gmake[1]: Leaving directory `/root/game/03_01_pf/src/libs/libserver/CMakeFiles/CMakeTmp'


Parsed C implicit include dir info from above output: rv=done
  found start of include info
  found start of implicit include info
    add: [/usr/local/gcc-9.1.0/lib/gcc/x86_64-pc-linux-gnu/9.1.0/include]
    add: [/usr/local/include]
    add: [/usr/local/gcc-9.1.0/include]
    add: [/usr/local/gcc-9.1.0/lib/gcc/x86_64-pc-linux-gnu/9.1.0/include-fixed]
    add: [/usr/include]
  end of search list found
  collapse include dir [/usr/local/gcc-9.1.0/lib/gcc/x86_64-pc-linux-gnu/9.1.0/include] ==> [/usr/local/gcc-9.1.0/lib/gcc/x86_64-pc-linux-gnu/9.1.0/include]
  collapse include dir [/usr/local/include] ==> [/usr/local/include]
  collapse include dir [/usr/local/gcc-9.1.0/include] ==> [/usr/local/gcc-9.1.0/include]
  collapse include dir [/usr/local/gcc-9.1.0/lib/gcc/x86_64-pc-linux-gnu/9.1.0/include-fixed] ==> [/usr/local/gcc-9.1.0/lib/gcc/x86_64-pc-linux-gnu/9.1.0/include-fixed]
  collapse include dir [/usr/include] ==> [/usr/include]
  implicit include dirs: [/usr/local/gcc-9.1.0/lib/gcc/x86_64-pc-linux-gnu/9.1.0/include;/usr/local/include;/usr/local/gcc-9.1.0/include;/usr/local/gcc-9.1.0/lib/gcc/x86_64-pc-linux-gnu/9.1.0/include-fixed;/usr/include]


Parsed C implicit link information from above output:
  link line regex: [^( *|.*[/\])(ld|CMAKE_LINK_STARTFILE-NOTFOUND|([^/\]+-)?ld|collect2)[^/\]*( |$)]
  ignore line: [Change Dir: /root/game/03_01_pf/src/libs/libserver/CMakeFiles/CMakeTmp]
  ignore line: []
  ignore line: [Run Build Command(s):/usr/bin/gmake cmTC_5dcc6/fast ]
  ignore line: [/usr/bin/gmake -f CMakeFiles/cmTC_5dcc6.dir/build.make CMakeFiles/cmTC_5dcc6.dir/build]
  ignore line: [gmake[1]: Entering directory `/root/game/03_01_pf/src/libs/libserver/CMakeFiles/CMakeTmp']
  ignore line: [Building C object CMakeFiles/cmTC_5dcc6.dir/CMakeCCompilerABI.c.o]
  ignore line: [/usr/local/gcc-9.1.0/bin/gcc   -v -o CMakeFiles/cmTC_5dcc6.dir/CMakeCCompilerABI.c.o   -c /usr/share/cmake3/Modules/CMakeCCompilerABI.c]
  ignore line: [Using built-in specs.]
  ignore line: [COLLECT_GCC=/usr/local/gcc-9.1.0/bin/gcc]
  ignore line: [Target: x86_64-pc-linux-gnu]
  ignore line: [Configured with: ../configure --prefix=/usr/local/gcc-9.1.0 --enable-languages=c,c++ --disable-multilib]
  ignore line: [Thread model: posix]
  ignore line: [gcc version 9.1.0 (GCC) ]
  ignore line: [COLLECT_GCC_OPTIONS='-v' '-o' 'CMakeFiles/cmTC_5dcc6.dir/CMakeCCompilerABI.c.o' '-c' '-mtune=generic' '-march=x86-64']
  ignore line: [ /usr/local/gcc-9.1.0/libexec/gcc/x86_64-pc-linux-gnu/9.1.0/cc1 -quiet -v /usr/share/cmake3/Modules/CMakeCCompilerABI.c -quiet -dumpbase CMakeCCompilerABI.c -mtune=generic -march=x86-64 -auxbase-strip CMakeFiles/cmTC_5dcc6.dir/CMakeCCompilerABI.c.o -version -o /tmp/ccI1Pr9R.s]
  ignore line: [GNU C17 (GCC) version 9.1.0 (x86_64-pc-linux-gnu)]
  ignore line: [	compiled by GNU C version 9.1.0, GMP version 6.1.0, MPFR version 3.1.4, MPC version 1.0.3, isl version isl-0.18-GMP]
  ignore line: []
  ignore line: [GGC heuristics: --param ggc-min-expand=100 --param ggc-min-heapsize=131072]
  ignore line: [ignoring nonexistent directory "/usr/local/gcc-9.1.0/lib/gcc/x86_64-pc-linux-gnu/9.1.0/../../../../x86_64-pc-linux-gnu/include"]
  ignore line: [#include "..." search starts here:]
  ignore line: [#include <...> search starts here:]
  ignore line: [ /usr/local/gcc-9.1.0/lib/gcc/x86_64-pc-linux-gnu/9.1.0/include]
  ignore line: [ /usr/local/include]
  ignore line: [ /usr/local/gcc-9.1.0/include]
  ignore line: [ /usr/local/gcc-9.1.0/lib/gcc/x86_64-pc-linux-gnu/9.1.0/include-fixed]
  ignore line: [ /usr/include]
  ignore line: [End of search list.]
  ignore line: [GNU C17 (GCC) version 9.1.0 (x86_64-pc-linux-gnu)]
  ignore line: [	compiled by GNU C version 9.1.0, GMP version 6.1.0, MPFR version 3.1.4, MPC version 1.0.3, isl version isl-0.18-GMP]
  ignore line: []
  ignore line: [GGC heuristics: --param ggc-min-expand=100 --param ggc-min-heapsize=131072]
  ignore line: [Compiler executable checksum: 25a3593c635bcce9821c5003ef48b0e5]
  ignore line: [COLLECT_GCC_OPTIONS='-v' '-o' 'CMakeFiles/cmTC_5dcc6.dir/CMakeCCompilerABI.c.o' '-c' '-mtune=generic' '-march=x86-64']
  ignore line: [ as -v --64 -o CMakeFiles/cmTC_5dcc6.dir/CMakeCCompilerABI.c.o /tmp/ccI1Pr9R.s]
  ignore line: [GNU assembler version 2.27 (x86_64-redhat-linux) using BFD version version 2.27-34.base.el7]
  ignore line: [COMPILER_PATH=/usr/local/gcc-9.1.0/libexec/gcc/x86_64-pc-linux-gnu/9.1.0/:/usr/local/gcc-9.1.0/libexec/gcc/x86_64-pc-linux-gnu/9.1.0/:/usr/local/gcc-9.1.0/libexec/gcc/x86_64-pc-linux-gnu/:/usr/local/gcc-9.1.0/lib/gcc/x86_64-pc-linux-gnu/9.1.0/:/usr/local/gcc-9.1.0/lib/gcc/x86_64-pc-linux-gnu/]
  ignore line: [LIBRARY_PATH=/usr/local/lib/../lib64/:/usr/local/gcc-9.1.0/lib/gcc/x86_64-pc-linux-gnu/9.1.0/:/usr/local/gcc-9.1.0/lib/gcc/x86_64-pc-linux-gnu/9.1.0/../../../../lib64/:/lib/../lib64/:/usr/lib/../lib64/:/usr/local/lib/:./:/usr/local/gcc-9.1.0/lib/gcc/x86_64-pc-linux-gnu/9.1.0/../../../:/lib/:/usr/lib/]
  ignore line: [COLLECT_GCC_OPTIONS='-v' '-o' 'CMakeFiles/cmTC_5dcc6.dir/CMakeCCompilerABI.c.o' '-c' '-mtune=generic' '-march=x86-64']
  ignore line: [Linking C executable cmTC_5dcc6]
  ignore line: [/usr/bin/cmake3 -E cmake_link_script CMakeFiles/cmTC_5dcc6.dir/link.txt --verbose=1]
  ignore line: [/usr/local/gcc-9.1.0/bin/gcc     -v -rdynamic CMakeFiles/cmTC_5dcc6.dir/CMakeCCompilerABI.c.o  -o cmTC_5dcc6 ]
  ignore line: [Using built-in specs.]
  ignore line: [COLLECT_GCC=/usr/local/gcc-9.1.0/bin/gcc]
  ignore line: [COLLECT_LTO_WRAPPER=/usr/local/gcc-9.1.0/libexec/gcc/x86_64-pc-linux-gnu/9.1.0/lto-wrapper]
  ignore line: [Target: x86_64-pc-linux-gnu]
  ignore line: [Configured with: ../configure --prefix=/usr/local/gcc-9.1.0 --enable-languages=c,c++ --disable-multilib]
  ignore line: [Thread model: posix]
  ignore line: [gcc version 9.1.0 (GCC) ]
  ignore line: [COMPILER_PATH=/usr/local/gcc-9.1.0/libexec/gcc/x86_64-pc-linux-gnu/9.1.0/:/usr/local/gcc-9.1.0/libexec/gcc/x86_64-pc-linux-gnu/9.1.0/:/usr/local/gcc-9.1.0/libexec/gcc/x86_64-pc-linux-gnu/:/usr/local/gcc-9.1.0/lib/gcc/x86_64-pc-linux-gnu/9.1.0/:/usr/local/gcc-9.1.0/lib/gcc/x86_64-pc-linux-gnu/]
  ignore line: [LIBRARY_PATH=/usr/local/lib/../lib64/:/usr/local/gcc-9.1.0/lib/gcc/x86_64-pc-linux-gnu/9.1.0/:/usr/local/gcc-9.1.0/lib/gcc/x86_64-pc-linux-gnu/9.1.0/../../../../lib64/:/lib/../lib64/:/usr/lib/../lib64/:/usr/local/lib/:./:/usr/local/gcc-9.1.0/lib/gcc/x86_64-pc-linux-gnu/9.1.0/../../../:/lib/:/usr/lib/]
  ignore line: [COLLECT_GCC_OPTIONS='-v' '-rdynamic' '-o' 'cmTC_5dcc6' '-mtune=generic' '-march=x86-64']
  link line: [ /usr/local/gcc-9.1.0/libexec/gcc/x86_64-pc-linux-gnu/9.1.0/collect2 -plugin /usr/local/gcc-9.1.0/libexec/gcc/x86_64-pc-linux-gnu/9.1.0/liblto_plugin.so -plugin-opt=/usr/local/gcc-9.1.0/libexec/gcc/x86_64-pc-linux-gnu/9.1.0/lto-wrapper -plugin-opt=-fresolution=/tmp/ccLF5X2W.res -plugin-opt=-pass-through=-lgcc -plugin-opt=-pass-through=-lgcc_s -plugin-opt=-pass-through=-lc -plugin-opt=-pass-through=-lgcc -plugin-opt=-pass-through=-lgcc_s --eh-frame-hdr -m elf_x86_64 -export-dynamic -dynamic-linker /lib64/ld-linux-x86-64.so.2 -o cmTC_5dcc6 /lib/../lib64/crt1.o /lib/../lib64/crti.o /usr/local/gcc-9.1.0/lib/gcc/x86_64-pc-linux-gnu/9.1.0/crtbegin.o -L/usr/local/lib/../lib64 -L/usr/local/gcc-9.1.0/lib/gcc/x86_64-pc-linux-gnu/9.1.0 -L/usr/local/gcc-9.1.0/lib/gcc/x86_64-pc-linux-gnu/9.1.0/../../../../lib64 -L/lib/../lib64 -L/usr/lib/../lib64 -L/usr/local/lib -L. -L/usr/local/gcc-9.1.0/lib/gcc/x86_64-pc-linux-gnu/9.1.0/../../.. CMakeFiles/cmTC_5dcc6.dir/CMakeCCompilerABI.c.o -lgcc --as-needed -lgcc_s --no-as-needed -lc -lgcc --as-needed -lgcc_s --no-as-needed /usr/local/gcc-9.1.0/lib/gcc/x86_64-pc-linux-gnu/9.1.0/crtend.o /lib/../lib64/crtn.o]
    arg [/usr/local/gcc-9.1.0/libexec/gcc/x86_64-pc-linux-gnu/9.1.0/collect2] ==> ignore
    arg [-plugin] ==> ignore
    arg [/usr/local/gcc-9.1.0/libexec/gcc/x86_64-pc-linux-gnu/9.1.0/liblto_plugin.so] ==> ignore
    arg [-plugin-opt=/usr/local/gcc-9.1.0/libexec/gcc/x86_64-pc-linux-gnu/9.1.0/lto-wrapper] ==> ignore
    arg [-plugin-opt=-fresolution=/tmp/ccLF5X2W.res] ==> ignore
    arg [-plugin-opt=-pass-through=-lgcc] ==> ignore
    arg [-plugin-opt=-pass-through=-lgcc_s] ==> ignore
    arg [-plugin-opt=-pass-through=-lc] ==> ignore
    arg [-plugin-opt=-pass-through=-lgcc] ==> ignore
    arg [-plugin-opt=-pass-through=-lgcc_s] ==> ignore
    arg [--eh-frame-hdr] ==> ignore
    arg [-m] ==> ignore
    arg [elf_x86_64] ==> ignore
    arg [-export-dynamic] ==> ignore
    arg [-dynamic-linker] ==> ignore
    arg [/lib64/ld-linux-x86-64.so.2] ==> ignore
    arg [-o] ==> ignore
    arg [cmTC_5dcc6] ==> ignore
    arg [/lib/../lib64/crt1.o] ==> ignore
    arg [/lib/../lib64/crti.o] ==> ignore
    arg [/usr/local/gcc-9.1.0/lib/gcc/x86_64-pc-linux-gnu/9.1.0/crtbegin.o] ==> ignore
    arg [-L/usr/local/lib/../lib64] ==> dir [/usr/local/lib/../lib64]
    arg [-L/usr/local/gcc-9.1.0/lib/gcc/x86_64-pc-linux-gnu/9.1.0] ==> dir [/usr/local/gcc-9.1.0/lib/gcc/x86_64-pc-linux-gnu/9.1.0]
    arg [-L/usr/local/gcc-9.1.0/lib/gcc/x86_64-pc-linux-gnu/9.1.0/../../../../lib64] ==> dir [/usr/local/gcc-9.1.0/lib/gcc/x86_64-pc-linux-gnu/9.1.0/../../../../lib64]
    arg [-L/lib/../lib64] ==> dir [/lib/../lib64]
    arg [-L/usr/lib/../lib64] ==> dir [/usr/lib/../lib64]
    arg [-L/usr/local/lib] ==> dir [/usr/local/lib]
    arg [-L.] ==> ignore
    arg [-L/usr/local/gcc-9.1.0/lib/gcc/x86_64-pc-linux-gnu/9.1.0/../../..] ==> dir [/usr/local/gcc-9.1.0/lib/gcc/x86_64-pc-linux-gnu/9.1.0/../../..]
    arg [CMakeFiles/cmTC_5dcc6.dir/CMakeCCompilerABI.c.o] ==> ignore
    arg [-lgcc] ==> lib [gcc]
    arg [--as-needed] ==> ignore
    arg [-lgcc_s] ==> lib [gcc_s]
    arg [--no-as-needed] ==> ignore
    arg [-lc] ==> lib [c]
    arg [-lgcc] ==> lib [gcc]
    arg [--as-needed] ==> ignore
    arg [-lgcc_s] ==> lib [gcc_s]
    arg [--no-as-needed] ==> ignore
    arg [/usr/local/gcc-9.1.0/lib/gcc/x86_64-pc-linux-gnu/9.1.0/crtend.o] ==> ignore
    arg [/lib/../lib64/crtn.o] ==> ignore
  collapse library dir [/usr/local/lib/../lib64] ==> [/usr/local/lib64]
  collapse library dir [/usr/local/gcc-9.1.0/lib/gcc/x86_64-pc-linux-gnu/9.1.0] ==> [/usr/local/gcc-9.1.0/lib/gcc/x86_64-pc-linux-gnu/9.1.0]
  collapse library dir [/usr/local/gcc-9.1.0/lib/gcc/x86_64-pc-linux-gnu/9.1.0/../../../../lib64] ==> [/usr/local/gcc-9.1.0/lib64]
  collapse library dir [/lib/../lib64] ==> [/lib64]
  collapse library dir [/usr/lib/../lib64] ==> [/usr/lib64]
  collapse library dir [/usr/local/lib] ==> [/usr/local/lib]
  collapse library dir [/usr/local/gcc-9.1.0/lib/gcc/x86_64-pc-linux-gnu/9.1.0/../../..] ==> [/usr/local/gcc-9.1.0/lib]
  implicit libs: [gcc;gcc_s;c;gcc;gcc_s]
  implicit dirs: [/usr/local/lib64;/usr/local/gcc-9.1.0/lib/gcc/x86_64-pc-linux-gnu/9.1.0;/usr/local/gcc-9.1.0/lib64;/lib64;/usr/lib64;/usr/local/lib;/usr/local/gcc-9.1.0/lib]
  implicit fwks: []




Detecting C [-std=c11] compiler features compiled with the following output:
Change Dir: /root/game/03_01_pf/src/libs/libserver/CMakeFiles/CMakeTmp

Run Build Command(s):/usr/bin/gmake cmTC_7256b/fast 
/usr/bin/gmake -f CMakeFiles/cmTC_7256b.dir/build.make CMakeFiles/cmTC_7256b.dir/build
gmake[1]: 进入目录“/root/game/03_01_pf/src/libs/libserver/CMakeFiles/CMakeTmp”
Building C object CMakeFiles/cmTC_7256b.dir/feature_tests.c.o
/usr/local/gcc-9.1.0/bin/gcc   -std=c11 -o CMakeFiles/cmTC_7256b.dir/feature_tests.c.o   -c /root/game/03_01_pf/src/libs/libserver/CMakeFiles/feature_tests.c
Linking C executable cmTC_7256b
/usr/bin/cmake3 -E cmake_link_script CMakeFiles/cmTC_7256b.dir/link.txt --verbose=1
/usr/local/gcc-9.1.0/bin/gcc      -rdynamic CMakeFiles/cmTC_7256b.dir/feature_tests.c.o  -o cmTC_7256b 
gmake[1]: 离开目录“/root/game/03_01_pf/src/libs/libserver/CMakeFiles/CMakeTmp”


    Feature record: C_FEATURE:1c_function_prototypes
    Feature record: C_FEATURE:1c_restrict
    Feature record: C_FEATURE:1c_static_assert
    Feature record: C_FEATURE:1c_variadic_macros


Detecting C [-std=c99] compiler features compiled with the following output:
Change Dir: /root/game/03_01_pf/src/libs/libserver/CMakeFiles/CMakeTmp

Run Build Command(s):/usr/bin/gmake cmTC_e5eee/fast 
/usr/bin/gmake -f CMakeFiles/cmTC_e5eee.dir/build.make CMakeFiles/cmTC_e5eee.dir/build
gmake[1]: 进入目录“/root/game/03_01_pf/src/libs/libserver/CMakeFiles/CMakeTmp”
Building C object CMakeFiles/cmTC_e5eee.dir/feature_tests.c.o
/usr/local/gcc-9.1.0/bin/gcc   -std=c99 -o CMakeFiles/cmTC_e5eee.dir/feature_tests.c.o   -c /root/game/03_01_pf/src/libs/libserver/CMakeFiles/feature_tests.c
Linking C executable cmTC_e5eee
/usr/bin/cmake3 -E cmake_link_script CMakeFiles/cmTC_e5eee.dir/link.txt --verbose=1
/usr/local/gcc-9.1.0/bin/gcc      -rdynamic CMakeFiles/cmTC_e5eee.dir/feature_tests.c.o  -o cmTC_e5eee 
gmake[1]: 离开目录“/root/game/03_01_pf/src/libs/libserver/CMakeFiles/CMakeTmp”


    Feature record: C_FEATURE:1c_function_prototypes
    Feature record: C_FEATURE:1c_restrict
    Feature record: C_FEATURE:0c_static_assert
    Feature record: C_FEATURE:1c_variadic_macros


Detecting C [-std=c90] compiler features compiled with the following output:
Change Dir: /root/game/03_01_pf/src/libs/libserver/CMakeFiles/CMakeTmp

Run Build Command(s):/usr/bin/gmake cmTC_38d45/fast 
/usr/bin/gmake -f CMakeFiles/cmTC_38d45.dir/build.make CMakeFiles/cmTC_38d45.dir/build
gmake[1]: 进入目录“/root/game/03_01_pf/src/libs/libserver/CMakeFiles/CMakeTmp”
Building C object CMakeFiles/cmTC_38d45.dir/feature_tests.c.o
/usr/local/gcc-9.1.0/bin/gcc   -std=c90 -o CMakeFiles/cmTC_38d45.dir/feature_tests.c.o   -c /root/game/03_01_pf/src/libs/libserver/CMakeFiles/feature_tests.c
Linking C executable cmTC_38d45
/usr/bin/cmake3 -E cmake_link_script CMakeFiles/cmTC_38d45.dir/link.txt --verbose=1
/usr/local/gcc-9.1.0/bin/gcc      -rdynamic CMakeFiles/cmTC_38d45.dir/feature_tests.c.o  -o cmTC_38d45 
gmake[1]: 离开目录“/root/game/03_01_pf/src/libs/libserver/CMakeFiles/CMakeTmp”


    Feature record: C_FEATURE:1c_function_prototypes
    Feature record: C_FEATURE:0c_restrict
    Feature record: C_FEATURE:0c_static_assert
    Feature record: C_FEATURE:0c_variadic_macros
Determining if the CXX compiler works passed with the following output:
Change Dir: /root/game/03_01_pf/src/libs/libserver/CMakeFiles/CMakeTmp

Run Build Command(s):/usr/bin/gmake cmTC_cc136/fast 
/usr/bin/gmake -f CMakeFiles/cmTC_cc136.dir/build.make CMakeFiles/cmTC_cc136.dir/build
gmake[1]: 进入目录“/root/game/03_01_pf/src/libs/libserver/CMakeFiles/CMakeTmp”
Building CXX object CMakeFiles/cmTC_cc136.dir/testCXXCompiler.cxx.o
/usr/local/gcc-9.1.0/bin/g++     -o CMakeFiles/cmTC_cc136.dir/testCXXCompiler.cxx.o -c /root/game/03_01_pf/src/libs/libserver/CMakeFiles/CMakeTmp/testCXXCompiler.cxx
Linking CXX executable cmTC_cc136
/usr/bin/cmake3 -E cmake_link_script CMakeFiles/cmTC_cc136.dir/link.txt --verbose=1
/usr/local/gcc-9.1.0/bin/g++       -rdynamic CMakeFiles/cmTC_cc136.dir/testCXXCompiler.cxx.o  -o cmTC_cc136 
gmake[1]: 离开目录“/root/game/03_01_pf/src/libs/libserver/CMakeFiles/CMakeTmp”


Detecting CXX compiler ABI info compiled with the following output:
Change Dir: /root/game/03_01_pf/src/libs/libserver/CMakeFiles/CMakeTmp

Run Build Command(s):/usr/bin/gmake cmTC_64327/fast 
/usr/bin/gmake -f CMakeFiles/cmTC_64327.dir/build.make CMakeFiles/cmTC_64327.dir/build
gmake[1]: Entering directory `/root/game/03_01_pf/src/libs/libserver/CMakeFiles/CMakeTmp'
Building CXX object CMakeFiles/cmTC_64327.dir/CMakeCXXCompilerABI.cpp.o
/usr/local/gcc-9.1.0/bin/g++    -v -o CMakeFiles/cmTC_64327.dir/CMakeCXXCompilerABI.cpp.o -c /usr/share/cmake3/Modules/CMakeCXXCompilerABI.cpp
Using built-in specs.
COLLECT_GCC=/usr/local/gcc-9.1.0/bin/g++
Target: x86_64-pc-linux-gnu
Configured with: ../configure --prefix=/usr/local/gcc-9.1.0 --enable-languages=c,c++ --disable-multilib
Thread model: posix
gcc version 9.1.0 (GCC) 
COLLECT_GCC_OPTIONS='-v' '-o' 'CMakeFiles/cmTC_64327.dir/CMakeCXXCompilerABI.cpp.o' '-c' '-shared-libgcc' '-mtune=generic' '-march=x86-64'
 /usr/local/gcc-9.1.0/libexec/gcc/x86_64-pc-linux-gnu/9.1.0/cc1plus -quiet -v -D_GNU_SOURCE /usr/share/cmake3/Modules/CMakeCXXCompilerABI.cpp -quiet -dumpbase CMakeCXXCompilerABI.cpp -mtune=generic -march=x86-64 -auxbase-strip CMakeFiles/cmTC_64327.dir/CMakeCXXCompilerABI.cpp.o -version -o /tmp/ccEPByWN.s
GNU C++14 (GCC) version 9.1.0 (x86_64-pc-linux-gnu)
	compiled by GNU C version 9.1.0, GMP version 6.1.0, MPFR version 3.1.4, MPC version 1.0.3, isl version isl-0.18-GMP

GGC heuristics: --param ggc-min-expand=100 --param ggc-min-heapsize=131072
ignoring nonexistent directory "/usr/local/gcc-9.1.0/lib/gcc/x86_64-pc-linux-gnu/9.1.0/../../../../x86_64-pc-linux-gnu/include"
#include "..." search starts here:
#include <...> search starts here:
 /usr/local/gcc-9.1.0/lib/gcc/x86_64-pc-linux-gnu/9.1.0/../../../../include/c++/9.1.0
 /usr/local/gcc-9.1.0/lib/gcc/x86_64-pc-linux-gnu/9.1.0/../../../../include/c++/9.1.0/x86_64-pc-linux-gnu
 /usr/local/gcc-9.1.0/lib/gcc/x86_64-pc-linux-gnu/9.1.0/../../../../include/c++/9.1.0/backward
 /usr/local/gcc-9.1.0/lib/gcc/x86_64-pc-linux-gnu/9.1.0/include
 /usr/local/include
 /usr/local/gcc-9.1.0/include
 /usr/local/gcc-9.1.0/lib/gcc/x86_64-pc-linux-gnu/9.1.0/include-fixed
 /usr/include
End of search list.
GNU C++14 (GCC) version 9.1.0 (x86_64-pc-linux-gnu)
	compiled by GNU C version 9.1.0, GMP version 6.1.0, MPFR version 3.1.4, MPC version 1.0.3, isl version isl-0.18-GMP

GGC heuristics: --param ggc-min-expand=100 --param ggc-min-heapsize=131072
Compiler executable checksum: 0bc6ccc2fb91cdbe299c9cd306a79dca
COLLECT_GCC_OPTIONS='-v' '-o' 'CMakeFiles/cmTC_64327.dir/CMakeCXXCompilerABI.cpp.o' '-c' '-shared-libgcc' '-mtune=generic' '-march=x86-64'
 as -v --64 -o CMakeFiles/cmTC_64327.dir/CMakeCXXCompilerABI.cpp.o /tmp/ccEPByWN.s
GNU assembler version 2.27 (x86_64-redhat-linux) using BFD version version 2.27-34.base.el7
COMPILER_PATH=/usr/local/gcc-9.1.0/libexec/gcc/x86_64-pc-linux-gnu/9.1.0/:/usr/local/gcc-9.1.0/libexec/gcc/x86_64-pc-linux-gnu/9.1.0/:/usr/local/gcc-9.1.0/libexec/gcc/x86_64-pc-linux-gnu/:/usr/local/gcc-9.1.0/lib/gcc/x86_64-pc-linux-gnu/9.1.0/:/usr/local/gcc-9.1.0/lib/gcc/x86_64-pc-linux-gnu/
LIBRARY_PATH=/usr/local/lib/../lib64/:/usr/local/gcc-9.1.0/lib/gcc/x86_64-pc-linux-gnu/9.1.0/:/usr/local/gcc-9.1.0/lib/gcc/x86_64-pc-linux-gnu/9.1.0/../../../../lib64/:/lib/../lib64/:/usr/lib/../lib64/:/usr/local/lib/:./:/usr/local/gcc-9.1.0/lib/gcc/x86_64-pc-linux-gnu/9.1.0/../../../:/lib/:/usr/lib/
COLLECT_GCC_OPTIONS='-v' '-o' 'CMakeFiles/cmTC_64327.dir/CMakeCXXCompilerABI.cpp.o' '-c' '-shared-libgcc' '-mtune=generic' '-march=x86-64'
Linking CXX executable cmTC_64327
/usr/bin/cmake3 -E cmake_link_script CMakeFiles/cmTC_64327.dir/link.txt --verbose=1
/usr/local/gcc-9.1.0/bin/g++      -v -rdynamic CMakeFiles/cmTC_64327.dir/CMakeCXXCompilerABI.cpp.o  -o cmTC_64327 
Using built-in specs.
COLLECT_GCC=/usr/local/gcc-9.1.0/bin/g++
COLLECT_LTO_WRAPPER=/usr/local/gcc-9.1.0/libexec/gcc/x86_64-pc-linux-gnu/9.1.0/lto-wrapper
Target: x86_64-pc-linux-gnu
Configured with: ../configure --prefix=/usr/local/gcc-9.1.0 --enable-languages=c,c++ --disable-multilib
Thread model: posix
gcc version 9.1.0 (GCC) 
COMPILER_PATH=/usr/local/gcc-9.1.0/libexec/gcc/x86_64-pc-linux-gnu/9.1.0/:/usr/local/gcc-9.1.0/libexec/gcc/x86_64-pc-linux-gnu/9.1.0/:/usr/local/gcc-9.1.0/libexec/gcc/x86_64-pc-linux-gnu/:/usr/local/gcc-9.1.0/lib/gcc/x86_64-pc-linux-gnu/9.1.0/:/usr/local/gcc-9.1.0/lib/gcc/x86_64-pc-linux-gnu/
LIBRARY_PATH=/usr/local/lib/../lib64/:/usr/local/gcc-9.1.0/lib/gcc/x86_64-pc-linux-gnu/9.1.0/:/usr/local/gcc-9.1.0/lib/gcc/x86_64-pc-linux-gnu/9.1.0/../../../../lib64/:/lib/../lib64/:/usr/lib/../lib64/:/usr/local/lib/:./:/usr/local/gcc-9.1.0/lib/gcc/x86_64-pc-linux-gnu/9.1.0/../../../:/lib/:/usr/lib/
COLLECT_GCC_OPTIONS='-v' '-rdynamic' '-o' 'cmTC_64327' '-shared-libgcc' '-mtune=generic' '-march=x86-64'
 /usr/local/gcc-9.1.0/libexec/gcc/x86_64-pc-linux-gnu/9.1.0/collect2 -plugin /usr/local/gcc-9.1.0/libexec/gcc/x86_64-pc-linux-gnu/9.1.0/liblto_plugin.so -plugin-opt=/usr/local/gcc-9.1.0/libexec/gcc/x86_64-pc-linux-gnu/9.1.0/lto-wrapper -plugin-opt=-fresolution=/tmp/cc26qYuS.res -plugin-opt=-pass-through=-lgcc_s -plugin-opt=-pass-through=-lgcc -plugin-opt=-pass-through=-lc -plugin-opt=-pass-through=-lgcc_s -plugin-opt=-pass-through=-lgcc --eh-frame-hdr -m elf_x86_64 -export-dynamic -dynamic-linker /lib64/ld-linux-x86-64.so.2 -o cmTC_64327 /lib/../lib64/crt1.o /lib/../lib64/crti.o /usr/local/gcc-9.1.0/lib/gcc/x86_64-pc-linux-gnu/9.1.0/crtbegin.o -L/usr/local/lib/../lib64 -L/usr/local/gcc-9.1.0/lib/gcc/x86_64-pc-linux-gnu/9.1.0 -L/usr/local/gcc-9.1.0/lib/gcc/x86_64-pc-linux-gnu/9.1.0/../../../../lib64 -L/lib/../lib64 -L/usr/lib/../lib64 -L/usr/local/lib -L. -L/usr/local/gcc-9.1.0/lib/gcc/x86_64-pc-linux-gnu/9.1.0/../../.. CMakeFiles/cmTC_64327.dir/CMakeCXXCompilerABI.cpp.o -lstdc++ -lm -lgcc_s -lgcc -lc -lgcc_s -lgcc /usr/local/gcc-9.1.0/lib/gcc/x86_64-pc-linux-gnu/9.1.0/crtend.o /lib/../lib64/crtn.o
COLLECT_GCC_OPTIONS='-v' '-rdynamic' '-o' 'cmTC_64327' '-shared-libgcc' '-mtune=generic' '-march=x86-64'
gmake[1]: Leaving directory `/root/game/03_01_pf/src/libs/libserver/CMakeFiles/CMakeTmp'


Parsed CXX implicit include dir info from above output: rv=done
  found start of include info
  found start of implicit include info
    add: [/usr/local/gcc-9.1.0/lib/gcc/x86_64-pc-linux-gnu/9.1.0/../../../../include/c++/9.1.0]
    add: [/usr/local/gcc-9.1.0/lib/gcc/x86_64-pc-linux-gnu/9.1.0/../../../../include/c++/9.1.0/x86_64-pc-linux-gnu]
    add: [/usr/local/gcc-9.1.0/lib/gcc/x86_64-pc-linux-gnu/9.1.0/../../../../include/c++/9.1.0/backward]
    add: [/usr/local/gcc-9.1.0/lib/gcc/x86_64-pc-linux-gnu/9.1.0/include]
    add: [/usr/local/include]
    add: [/usr/local/gcc-9.1.0/include]
    add: [/usr/local/gcc-9.1.0/lib/gcc/x86_64-pc-linux-gnu/9.1.0/include-fixed]
    add: [/usr/include]
  end of search list found
  collapse include dir [/usr/local/gcc-9.1.0/lib/gcc/x86_64-pc-linux-gnu/9.1.0/../../../../include/c++/9.1.0] ==> [/usr/local/gcc-9.1.0/include/c++/9.1.0]
  collapse include dir [/usr/local/gcc-9.1.0/lib/gcc/x86_64-pc-linux-gnu/9.1.0/../../../../include/c++/9.1.0/x86_64-pc-linux-gnu] ==> [/usr/local/gcc-9.1.0/include/c++/9.1.0/x86_64-pc-linux-gnu]
  collapse include dir [/usr/local/gcc-9.1.0/lib/gcc/x86_64-pc-linux-gnu/9.1.0/../../../../include/c++/9.1.0/backward] ==> [/usr/local/gcc-9.1.0/include/c++/9.1.0/backward]
  collapse include dir [/usr/local/gcc-9.1.0/lib/gcc/x86_64-pc-linux-gnu/9.1.0/include] ==> [/usr/local/gcc-9.1.0/lib/gcc/x86_64-pc-linux-gnu/9.1.0/include]
  collapse include dir [/usr/local/include] ==> [/usr/local/include]
  collapse include dir [/usr/local/gcc-9.1.0/include] ==> [/usr/local/gcc-9.1.0/include]
  collapse include dir [/usr/local/gcc-9.1.0/lib/gcc/x86_64-pc-linux-gnu/9.1.0/include-fixed] ==> [/usr/local/gcc-9.1.0/lib/gcc/x86_64-pc-linux-gnu/9.1.0/include-fixed]
  collapse include dir [/usr/include] ==> [/usr/include]
  implicit include dirs: [/usr/local/gcc-9.1.0/include/c++/9.1.0;/usr/local/gcc-9.1.0/include/c++/9.1.0/x86_64-pc-linux-gnu;/usr/local/gcc-9.1.0/include/c++/9.1.0/backward;/usr/local/gcc-9.1.0/lib/gcc/x86_64-pc-linux-gnu/9.1.0/include;/usr/local/include;/usr/local/gcc-9.1.0/include;/usr/local/gcc-9.1.0/lib/gcc/x86_64-pc-linux-gnu/9.1.0/include-fixed;/usr/include]


Parsed CXX implicit link information from above output:
  link line regex: [^( *|.*[/\])(ld|CMAKE_LINK_STARTFILE-NOTFOUND|([^/\]+-)?ld|collect2)[^/\]*( |$)]
  ignore line: [Change Dir: /root/game/03_01_pf/src/libs/libserver/CMakeFiles/CMakeTmp]
  ignore line: []
  ignore line: [Run Build Command(s):/usr/bin/gmake cmTC_64327/fast ]
  ignore line: [/usr/bin/gmake -f CMakeFiles/cmTC_64327.dir/build.make CMakeFiles/cmTC_64327.dir/build]
  ignore line: [gmake[1]: Entering directory `/root/game/03_01_pf/src/libs/libserver/CMakeFiles/CMakeTmp']
  ignore line: [Building CXX object CMakeFiles/cmTC_64327.dir/CMakeCXXCompilerABI.cpp.o]
  ignore line: [/usr/local/gcc-9.1.0/bin/g++    -v -o CMakeFiles/cmTC_64327.dir/CMakeCXXCompilerABI.cpp.o -c /usr/share/cmake3/Modules/CMakeCXXCompilerABI.cpp]
  ignore line: [Using built-in specs.]
  ignore line: [COLLECT_GCC=/usr/local/gcc-9.1.0/bin/g++]
  ignore line: [Target: x86_64-pc-linux-gnu]
  ignore line: [Configured with: ../configure --prefix=/usr/local/gcc-9.1.0 --enable-languages=c,c++ --disable-multilib]
  ignore line: [Thread model: posix]
  ignore line: [gcc version 9.1.0 (GCC) ]
  ignore line: [COLLECT_GCC_OPTIONS='-v' '-o' 'CMakeFiles/cmTC_64327.dir/CMakeCXXCompilerABI.cpp.o' '-c' '-shared-libgcc' '-mtune=generic' '-march=x86-64']
  ignore line: [ /usr/local/gcc-9.1.0/libexec/gcc/x86_64-pc-linux-gnu/9.1.0/cc1plus -quiet -v -D_GNU_SOURCE /usr/share/cmake3/Modules/CMakeCXXCompilerABI.cpp -quiet -dumpbase CMakeCXXCompilerABI.cpp -mtune=generic -march=x86-64 -auxbase-strip CMakeFiles/cmTC_64327.dir/CMakeCXXCompilerABI.cpp.o -version -o /tmp/ccEPByWN.s]
  ignore line: [GNU C++14 (GCC) version 9.1.0 (x86_64-pc-linux-gnu)]
  ignore line: [	compiled by GNU C version 9.1.0, GMP version 6.1.0, MPFR version 3.1.4, MPC version 1.0.3, isl version isl-0.18-GMP]
  ignore line: []
  ignore line: [GGC heuristics: --param ggc-min-expand=100 --param ggc-min-heapsize=131072]
  ignore line: [ignoring nonexistent directory "/usr/local/gcc-9.1.0/lib/gcc/x86_64-pc-linux-gnu/9.1.0/../../../../x86_64-pc-linux-gnu/include"]
  ignore line: [#include "..." search starts here:]
  ignore line: [#include <...> search starts here:]
  ignore line: [ /usr/local/gcc-9.1.0/lib/gcc/x86_64-pc-linux-gnu/9.1.0/../../../../include/c++/9.1.0]
  ignore line: [ /usr/local/gcc-9.1.0/lib/gcc/x86_64-pc-linux-gnu/9.1.0/../../../../include/c++/9.1.0/x86_64-pc-linux-gnu]
  ignore line: [ /usr/local/gcc-9.1.0/lib/gcc/x86_64-pc-linux-gnu/9.1.0/../../../../include/c++/9.1.0/backward]
  ignore line: [ /usr/local/gcc-9.1.0/lib/gcc/x86_64-pc-linux-gnu/9.1.0/include]
  ignore line: [ /usr/local/include]
  ignore line: [ /usr/local/gcc-9.1.0/include]
  ignore line: [ /usr/local/gcc-9.1.0/lib/gcc/x86_64-pc-linux-gnu/9.1.0/include-fixed]
  ignore line: [ /usr/include]
  ignore line: [End of search list.]
  ignore line: [GNU C++14 (GCC) version 9.1.0 (x86_64-pc-linux-gnu)]
  ignore line: [	compiled by GNU C version 9.1.0, GMP version 6.1.0, MPFR version 3.1.4, MPC version 1.0.3, isl version isl-0.18-GMP]
  ignore line: []
  ignore line: [GGC heuristics: --param ggc-min-expand=100 --param ggc-min-heapsize=131072]
  ignore line: [Compiler executable checksum: 0bc6ccc2fb91cdbe299c9cd306a79dca]
  ignore line: [COLLECT_GCC_OPTIONS='-v' '-o' 'CMakeFiles/cmTC_64327.dir/CMakeCXXCompilerABI.cpp.o' '-c' '-shared-libgcc' '-mtune=generic' '-march=x86-64']
  ignore line: [ as -v --64 -o CMakeFiles/cmTC_64327.dir/CMakeCXXCompilerABI.cpp.o /tmp/ccEPByWN.s]
  ignore line: [GNU assembler version 2.27 (x86_64-redhat-linux) using BFD version version 2.27-34.base.el7]
  ignore line: [COMPILER_PATH=/usr/local/gcc-9.1.0/libexec/gcc/x86_64-pc-linux-gnu/9.1.0/:/usr/local/gcc-9.1.0/libexec/gcc/x86_64-pc-linux-gnu/9.1.0/:/usr/local/gcc-9.1.0/libexec/gcc/x86_64-pc-linux-gnu/:/usr/local/gcc-9.1.0/lib/gcc/x86_64-pc-linux-gnu/9.1.0/:/usr/local/gcc-9.1.0/lib/gcc/x86_64-pc-linux-gnu/]
  ignore line: [LIBRARY_PATH=/usr/local/lib/../lib64/:/usr/local/gcc-9.1.0/lib/gcc/x86_64-pc-linux-gnu/9.1.0/:/usr/local/gcc-9.1.0/lib/gcc/x86_64-pc-linux-gnu/9.1.0/../../../../lib64/:/lib/../lib64/:/usr/lib/../lib64/:/usr/local/lib/:./:/usr/local/gcc-9.1.0/lib/gcc/x86_64-pc-linux-gnu/9.1.0/../../../:/lib/:/usr/lib/]
  ignore line: [COLLECT_GCC_OPTIONS='-v' '-o' 'CMakeFiles/cmTC_64327.dir/CMakeCXXCompilerABI.cpp.o' '-c' '-shared-libgcc' '-mtune=generic' '-march=x86-64']
  ignore line: [Linking CXX executable cmTC_64327]
  ignore line: [/usr/bin/cmake3 -E cmake_link_script CMakeFiles/cmTC_64327.dir/link.txt --verbose=1]
  ignore line: [/usr/local/gcc-9.1.0/bin/g++      -v -rdynamic CMakeFiles/cmTC_64327.dir/CMakeCXXCompilerABI.cpp.o  -o cmTC_64327 ]
  ignore line: [Using built-in specs.]
  ignore line: [COLLECT_GCC=/usr/local/gcc-9.1.0/bin/g++]
  ignore line: [COLLECT_LTO_WRAPPER=/usr/local/gcc-9.1.0/libexec/gcc/x86_64-pc-linux-gnu/9.1.0/lto-wrapper]
  ignore line: [Target: x86_64-pc-linux-gnu]
  ignore line: [Configured with: ../configure --prefix=/usr/local/gcc-9.1.0 --enable-languages=c,c++ --disable-multilib]
  ignore line: [Thread model: posix]
  ignore line: [gcc version 9.1.0 (GCC) ]
  ignore line: [COMPILER_PATH=/usr/local/gcc-9.1.0/libexec/gcc/x86_64-pc-linux-gnu/9.1.0/:/usr/local/gcc-9.1.0/libexec/gcc/x86_64-pc-linux-gnu/9.1.0/:/usr/local/gcc-9.1.0/libexec/gcc/x86_64-pc-linux-gnu/:/usr/local/gcc-9.1.0/lib/gcc/x86_64-pc-linux-gnu/9.1.0/:/usr/local/gcc-9.1.0/lib/gcc/x86_64-pc-linux-gnu/]
  ignore line: [LIBRARY_PATH=/usr/local/lib/../lib64/:/usr/local/gcc-9.1.0/lib/gcc/x86_64-pc-linux-gnu/9.1.0/:/usr/local/gcc-9.1.0/lib/gcc/x86_64-pc-linux-gnu/9.1.0/../../../../lib64/:/lib/../lib64/:/usr/lib/../lib64/:/usr/local/lib/:./:/usr/local/gcc-9.1.0/lib/gcc/x86_64-pc-linux-gnu/9.1.0/../../../:/lib/:/usr/lib/]
  ignore line: [COLLECT_GCC_OPTIONS='-v' '-rdynamic' '-o' 'cmTC_64327' '-shared-libgcc' '-mtune=generic' '-march=x86-64']
  link line: [ /usr/local/gcc-9.1.0/libexec/gcc/x86_64-pc-linux-gnu/9.1.0/collect2 -plugin /usr/local/gcc-9.1.0/libexec/gcc/x86_64-pc-linux-gnu/9.1.0/liblto_plugin.so -plugin-opt=/usr/local/gcc-9.1.0/libexec/gcc/x86_64-pc-linux-gnu/9.1.0/lto-wrapper -plugin-opt=-fresolution=/tmp/cc26qYuS.res -plugin-opt=-pass-through=-lgcc_s -plugin-opt=-pass-through=-lgcc -plugin-opt=-pass-through=-lc -plugin-opt=-pass-through=-lgcc_s -plugin-opt=-pass-through=-lgcc --eh-frame-hdr -m elf_x86_64 -export-dynamic -dynamic-linker /lib64/ld-linux-x86-64.so.2 -o cmTC_64327 /lib/../lib64/crt1.o /lib/../lib64/crti.o /usr/local/gcc-9.1.0/lib/gcc/x86_64-pc-linux-gnu/9.1.0/crtbegin.o -L/usr/local/lib/../lib64 -L/usr/local/gcc-9.1.0/lib/gcc/x86_64-pc-linux-gnu/9.1.0 -L/usr/local/gcc-9.1.0/lib/gcc/x86_64-pc-linux-gnu/9.1.0/../../../../lib64 -L/lib/../lib64 -L/usr/lib/../lib64 -L/usr/local/lib -L. -L/usr/local/gcc-9.1.0/lib/gcc/x86_64-pc-linux-gnu/9.1.0/../../.. CMakeFiles/cmTC_64327.dir/CMakeCXXCompilerABI.cpp.o -lstdc++ -lm -lgcc_s -lgcc -lc -lgcc_s -lgcc /usr/local/gcc-9.1.0/lib/gcc/x86_64-pc-linux-gnu/9.1.0/crtend.o /lib/../lib64/crtn.o]
    arg [/usr/local/gcc-9.1.0/libexec/gcc/x86_64-pc-linux-gnu/9.1.0/collect2] ==> ignore
    arg [-plugin] ==> ignore
    arg [/usr/local/gcc-9.1.0/libexec/gcc/x86_64-pc-linux-gnu/9.1.0/liblto_plugin.so] ==> ignore
    arg [-plugin-opt=/usr/local/gcc-9.1.0/libexec/gcc/x86_64-pc-linux-gnu/9.1.0/lto-wrapper] ==> ignore
    arg [-plugin-opt=-fresolution=/tmp/cc26qYuS.res] ==> ignore
    arg [-plugin-opt=-pass-through=-lgcc_s] ==> ignore
    arg [-plugin-opt=-pass-through=-lgcc] ==> ignore
    arg [-plugin-opt=-pass-through=-lc] ==> ignore
    arg [-plugin-opt=-pass-through=-lgcc_s] ==> ignore
    arg [-plugin-opt=-pass-through=-lgcc] ==> ignore
    arg [--eh-frame-hdr] ==> ignore
    arg [-m] ==> ignore
    arg [elf_x86_64] ==> ignore
    arg [-export-dynamic] ==> ignore
    arg [-dynamic-linker] ==> ignore
    arg [/lib64/ld-linux-x86-64.so.2] ==> ignore
    arg [-o] ==> ignore
    arg [cmTC_64327] ==> ignore
    arg [/lib/../lib64/crt1.o] ==> ignore
    arg [/lib/../lib64/crti.o] ==> ignore
    arg [/usr/local/gcc-9.1.0/lib/gcc/x86_64-pc-linux-gnu/9.1.0/crtbegin.o] ==> ignore
    arg [-L/usr/local/lib/../lib64] ==> dir [/usr/local/lib/../lib64]
    arg [-L/usr/local/gcc-9.1.0/lib/gcc/x86_64-pc-linux-gnu/9.1.0] ==> dir [/usr/local/gcc-9.1.0/lib/gcc/x86_64-pc-linux-gnu/9.1.0]
    arg [-L/usr/local/gcc-9.1.0/lib/gcc/x86_64-pc-linux-gnu/9.1.0/../../../../lib64] ==> dir [/usr/local/gcc-9.1.0/lib/gcc/x86_64-pc-linux-gnu/9.1.0/../../../../lib64]
    arg [-L/lib/../lib64] ==> dir [/lib/../lib64]
    arg [-L/usr/lib/../lib64] ==> dir [/usr/lib/../lib64]
    arg [-L/usr/local/lib] ==> dir [/usr/local/lib]
    arg [-L.] ==> ignore
    arg [-L/usr/local/gcc-9.1.0/lib/gcc/x86_64-pc-linux-gnu/9.1.0/../../..] ==> dir [/usr/local/gcc-9.1.0/lib/gcc/x86_64-pc-linux-gnu/9.1.0/../../..]
    arg [CMakeFiles/cmTC_64327.dir/CMakeCXXCompilerABI.cpp.o] ==> ignore
    arg [-lstdc++] ==> lib [stdc++]
    arg [-lm] ==> lib [m]
    arg [-lgcc_s] ==> lib [gcc_s]
    arg [-lgcc] ==> lib [gcc]
    arg [-lc] ==> lib [c]
    arg [-lgcc_s] ==> lib [gcc_s]
    arg [-lgcc] ==> lib [gcc]
    arg [/usr/local/gcc-9.1.0/lib/gcc/x86_64-pc-linux-gnu/9.1.0/crtend.o] ==> ignore
    arg [/lib/../lib64/crtn.o] ==> ignore
  collapse library dir [/usr/local/lib/../lib64] ==> [/usr/local/lib64]
  collapse library dir [/usr/local/gcc-9.1.0/lib/gcc/x86_64-pc-linux-gnu/9.1.0] ==> [/usr/local/gcc-9.1.0/lib/gcc/x86_64-pc-linux-gnu/9.1.0]
  collapse library dir [/usr/local/gcc-9.1.0/lib/gcc/x86_64-pc-linux-gnu/9.1.0/../../../../lib64] ==> [/usr/local/gcc-9.1.0/lib64]
  collapse library dir [/lib/../lib64] ==> [/lib64]
  collapse library dir [/usr/lib/../lib64] ==> [/usr/lib64]
  collapse library dir [/usr/local/lib] ==> [/usr/local/lib]
  collapse library dir [/usr/local/gcc-9.1.0/lib/gcc/x86_64-pc-linux-gnu/9.1.0/../../..] ==> [/usr/local/gcc-9.1.0/lib]
  implicit libs: [stdc++;m;gcc_s;gcc;c;gcc_s;gcc]
  implicit dirs: [/usr/local/lib64;/usr/local/gcc-9.1.0/lib/gcc/x86_64-pc-linux-gnu/9.1.0;/usr/local/gcc-9.1.0/lib64;/lib64;/usr/lib64;/usr/local/lib;/usr/local/gcc-9.1.0/lib]
  implicit fwks: []




Detecting CXX [-std=c++2a] compiler features compiled with the following output:
Change Dir: /root/game/03_01_pf/src/libs/libserver/CMakeFiles/CMakeTmp

Run Build Command(s):/usr/bin/gmake cmTC_7c650/fast 
/usr/bin/gmake -f CMakeFiles/cmTC_7c650.dir/build.make CMakeFiles/cmTC_7c650.dir/build
gmake[1]: 进入目录“/root/game/03_01_pf/src/libs/libserver/CMakeFiles/CMakeTmp”
Building CXX object CMakeFiles/cmTC_7c650.dir/feature_tests.cxx.o
/usr/local/gcc-9.1.0/bin/g++    -std=c++2a -o CMakeFiles/cmTC_7c650.dir/feature_tests.cxx.o -c /root/game/03_01_pf/src/libs/libserver/CMakeFiles/feature_tests.cxx
Linking CXX executable cmTC_7c650
/usr/bin/cmake3 -E cmake_link_script CMakeFiles/cmTC_7c650.dir/link.txt --verbose=1
/usr/local/gcc-9.1.0/bin/g++       -rdynamic CMakeFiles/cmTC_7c650.dir/feature_tests.cxx.o  -o cmTC_7c650 
gmake[1]: 离开目录“/root/game/03_01_pf/src/libs/libserver/CMakeFiles/CMakeTmp”


    Feature record: CXX_FEATURE:1cxx_aggregate_default_initializers
    Feature record: CXX_FEATURE:1cxx_alias_templates
    Feature record: CXX_FEATURE:1cxx_alignas
    Feature record: CXX_FEATURE:1cxx_alignof
    Feature record: CXX_FEATURE:1cxx_attributes
    Feature record: CXX_FEATURE:1cxx_attribute_deprecated
    Feature record: CXX_FEATURE:1cxx_auto_type
    Feature record: CXX_FEATURE:1cxx_binary_literals
    Feature record: CXX_FEATURE:1cxx_constexpr
    Feature record: CXX_FEATURE:1cxx_contextual_conversions
    Feature record: CXX_FEATURE:1cxx_decltype
    Feature record: CXX_FEATURE:1cxx_decltype_auto
    Feature record: CXX_FEATURE:1cxx_decltype_incomplete_return_types
    Feature record: CXX_FEATURE:1cxx_default_function_template_args
    Feature record: CXX_FEATURE:1cxx_defaulted_functions
    Feature record: CXX_FEATURE:1cxx_defaulted_move_initializers
    Feature record: CXX_FEATURE:1cxx_delegating_constructors
    Feature record: CXX_FEATURE:1cxx_deleted_functions
    Feature record: CXX_FEATURE:1cxx_digit_separators
    Feature record: CXX_FEATURE:1cxx_enum_forward_declarations
    Feature record: CXX_FEATURE:1cxx_explicit_conversions
    Feature record: CXX_FEATURE:1cxx_extended_friend_declarations
    Feature record: CXX_FEATURE:1cxx_extern_templates
    Feature record: CXX_FEATURE:1cxx_final
    Feature record: CXX_FEATURE:1cxx_func_identifier
    Feature record: CXX_FEATURE:1cxx_generalized_initializers
    Feature record: CXX_FEATURE:1cxx_generic_lambdas
    Feature record: CXX_FEATURE:1cxx_inheriting_constructors
    Feature record: CXX_FEATURE:1cxx_inline_namespaces
    Feature record: CXX_FEATURE:1cxx_lambdas
    Feature record: CXX_FEATURE:1cxx_lambda_init_captures
    Feature record: CXX_FEATURE:1cxx_local_type_template_args
    Feature record: CXX_FEATURE:1cxx_long_long_type
    Feature record: CXX_FEATURE:1cxx_noexcept
    Feature record: CXX_FEATURE:1cxx_nonstatic_member_init
    Feature record: CXX_FEATURE:1cxx_nullptr
    Feature record: CXX_FEATURE:1cxx_override
    Feature record: CXX_FEATURE:1cxx_range_for
    Feature record: CXX_FEATURE:1cxx_raw_string_literals
    Feature record: CXX_FEATURE:1cxx_reference_qualified_functions
    Feature record: CXX_FEATURE:1cxx_relaxed_constexpr
    Feature record: CXX_FEATURE:1cxx_return_type_deduction
    Feature record: CXX_FEATURE:1cxx_right_angle_brackets
    Feature record: CXX_FEATURE:1cxx_rvalue_references
    Feature record: CXX_FEATURE:1cxx_sizeof_member
    Feature record: CXX_FEATURE:1cxx_static_assert
    Feature record: CXX_FEATURE:1cxx_strong_enums
    Feature record: CXX_FEATURE:1cxx_template_template_parameters
    Feature record: CXX_FEATURE:1cxx_thread_local
    Feature record: CXX_FEATURE:1cxx_trailing_return_types
    Feature record: CXX_FEATURE:1cxx_unicode_literals
    Feature record: CXX_FEATURE:1cxx_uniform_initialization
    Feature record: CXX_FEATURE:1cxx_unrestricted_unions
    Feature record: CXX_FEATURE:1cxx_user_literals
    Feature record: CXX_FEATURE:1cxx_variable_templates
    Feature record: CXX_FEATURE:1cxx_variadic_macros
    Feature record: CXX_FEATURE:1cxx_variadic_templates


Detecting CXX [-std=c++17] compiler features compiled with the following output:
Change Dir: /root/game/03_01_pf/src/libs/libserver/CMakeFiles/CMakeTmp

Run Build Command(s):/usr/bin/gmake cmTC_899e8/fast 
/usr/bin/gmake -f CMakeFiles/cmTC_899e8.dir/build.make CMakeFiles/cmTC_899e8.dir/build
gmake[1]: 进入目录“/root/game/03_01_pf/src/libs/libserver/CMakeFiles/CMakeTmp”
Building CXX object CMakeFiles/cmTC_899e8.dir/feature_tests.cxx.o
/usr/local/gcc-9.1.0/bin/g++    -std=c++17 -o CMakeFiles/cmTC_899e8.dir/feature_tests.cxx.o -c /root/game/03_01_pf/src/libs/libserver/CMakeFiles/feature_tests.cxx
Linking CXX executable cmTC_899e8
/usr/bin/cmake3 -E cmake_link_script CMakeFiles/cmTC_899e8.dir/link.txt --verbose=1
/usr/local/gcc-9.1.0/bin/g++       -rdynamic CMakeFiles/cmTC_899e8.dir/feature_tests.cxx.o  -o cmTC_899e8 
gmake[1]: 离开目录“/root/game/03_01_pf/src/libs/libserver/CMakeFiles/CMakeTmp”


    Feature record: CXX_FEATURE:1cxx_aggregate_default_initializers
    Feature record: CXX_FEATURE:1cxx_alias_templates
    Feature record: CXX_FEATURE:1cxx_alignas
    Feature record: CXX_FEATURE:1cxx_alignof
    Feature record: CXX_FEATURE:1cxx_attributes
    Feature record: CXX_FEATURE:1cxx_attribute_deprecated
    Feature record: CXX_FEATURE:1cxx_auto_type
    Feature record: CXX_FEATURE:1cxx_binary_literals
    Feature record: CXX_FEATURE:1cxx_constexpr
    Feature record: CXX_FEATURE:1cxx_contextual_conversions
    Feature record: CXX_FEATURE:1cxx_decltype
    Feature record: CXX_FEATURE:1cxx_decltype_auto
    Feature record: CXX_FEATURE:1cxx_decltype_incomplete_return_types
    Feature record: CXX_FEATURE:1cxx_default_function_template_args
    Feature record: CXX_FEATURE:1cxx_defaulted_functions
    Feature record: CXX_FEATURE:1cxx_defaulted_move_initializers
    Feature record: CXX_FEATURE:1cxx_delegating_constructors
    Feature record: CXX_FEATURE:1cxx_deleted_functions
    Feature record: CXX_FEATURE:1cxx_digit_separators
    Feature record: CXX_FEATURE:1cxx_enum_forward_declarations
    Feature record: CXX_FEATURE:1cxx_explicit_conversions
    Feature record: CXX_FEATURE:1cxx_extended_friend_declarations
    Feature record: CXX_FEATURE:1cxx_extern_templates
    Feature record: CXX_FEATURE:1cxx_final
    Feature record: CXX_FEATURE:1cxx_func_identifier
    Feature record: CXX_FEATURE:1cxx_generalized_initializers
    Feature record: CXX_FEATURE:1cxx_generic_lambdas
    Feature record: CXX_FEATURE:1cxx_inheriting_constructors
    Feature record: CXX_FEATURE:1cxx_inline_namespaces
    Feature record: CXX_FEATURE:1cxx_lambdas
    Feature record: CXX_FEATURE:1cxx_lambda_init_captures
    Feature record: CXX_FEATURE:1cxx_local_type_template_args
    Feature record: CXX_FEATURE:1cxx_long_long_type
    Feature record: CXX_FEATURE:1cxx_noexcept
    Feature record: CXX_FEATURE:1cxx_nonstatic_member_init
    Feature record: CXX_FEATURE:1cxx_nullptr
    Feature record: CXX_FEATURE:1cxx_override
    Feature record: CXX_FEATURE:1cxx_range_for
    Feature record: CXX_FEATURE:1cxx_raw_string_literals
    Feature record: CXX_FEATURE:1cxx_reference_qualified_functions
    Feature record: CXX_FEATURE:1cxx_relaxed_constexpr
    Feature record: CXX_FEATURE:1cxx_return_type_deduction
    Feature record: CXX_FEATURE:1cxx_right_angle_brackets
    Feature record: CXX_FEATURE:1cxx_rvalue_references
    Feature record: CXX_FEATURE:1cxx_sizeof_member
    Feature record: CXX_FEATURE:1cxx_static_assert
    Feature record: CXX_FEATURE:1cxx_strong_enums
    Feature record: CXX_FEATURE:1cxx_template_template_parameters
    Feature record: CXX_FEATURE:1cxx_thread_local
    Feature record: CXX_FEATURE:1cxx_trailing_return_types
    Feature record: CXX_FEATURE:1cxx_unicode_literals
    Feature record: CXX_FEATURE:1cxx_uniform_initialization
    Feature record: CXX_FEATURE:1cxx_unrestricted_unions
    Feature record: CXX_FEATURE:1cxx_user_literals
    Feature record: CXX_FEATURE:1cxx_variable_templates
    Feature record: CXX_FEATURE:1cxx_variadic_macros
    Feature record: CXX_FEATURE:1cxx_variadic_templates


Detecting CXX [-std=c++14] compiler features compiled with the following output:
Change Dir: /root/game/03_01_pf/src/libs/libserver/CMakeFiles/CMakeTmp

Run Build Command(s):/usr/bin/gmake cmTC_f912b/fast 
/usr/bin/gmake -f CMakeFiles/cmTC_f912b.dir/build.make CMakeFiles/cmTC_f912b.dir/build
gmake[1]: 进入目录“/root/game/03_01_pf/src/libs/libserver/CMakeFiles/CMakeTmp”
Building CXX object CMakeFiles/cmTC_f912b.dir/feature_tests.cxx.o
/usr/local/gcc-9.1.0/bin/g++    -std=c++14 -o CMakeFiles/cmTC_f912b.dir/feature_tests.cxx.o -c /root/game/03_01_pf/src/libs/libserver/CMakeFiles/feature_tests.cxx
Linking CXX executable cmTC_f912b
/usr/bin/cmake3 -E cmake_link_script CMakeFiles/cmTC_f912b.dir/link.txt --verbose=1
/usr/local/gcc-9.1.0/bin/g++       -rdynamic CMakeFiles/cmTC_f912b.dir/feature_tests.cxx.o  -o cmTC_f912b 
gmake[1]: 离开目录“/root/game/03_01_pf/src/libs/libserver/CMakeFiles/CMakeTmp”


    Feature record: CXX_FEATURE:1cxx_aggregate_default_initializers
    Feature record: CXX_FEATURE:1cxx_alias_templates
    Feature record: CXX_FEATURE:1cxx_alignas
    Feature record: CXX_FEATURE:1cxx_alignof
    Feature record: CXX_FEATURE:1cxx_attributes
    Feature record: CXX_FEATURE:1cxx_attribute_deprecated
    Feature record: CXX_FEATURE:1cxx_auto_type
    Feature record: CXX_FEATURE:1cxx_binary_literals
    Feature record: CXX_FEATURE:1cxx_constexpr
    Feature record: CXX_FEATURE:1cxx_contextual_conversions
    Feature record: CXX_FEATURE:1cxx_decltype
    Feature record: CXX_FEATURE:1cxx_decltype_auto
    Feature record: CXX_FEATURE:1cxx_decltype_incomplete_return_types
    Feature record: CXX_FEATURE:1cxx_default_function_template_args
    Feature record: CXX_FEATURE:1cxx_defaulted_functions
    Feature record: CXX_FEATURE:1cxx_defaulted_move_initializers
    Feature record: CXX_FEATURE:1cxx_delegating_constructors
    Feature record: CXX_FEATURE:1cxx_deleted_functions
    Feature record: CXX_FEATURE:1cxx_digit_separators
    Feature record: CXX_FEATURE:1cxx_enum_forward_declarations
    Feature record: CXX_FEATURE:1cxx_explicit_conversions
    Feature record: CXX_FEATURE:1cxx_extended_friend_declarations
    Feature record: CXX_FEATURE:1cxx_extern_templates
    Feature record: CXX_FEATURE:1cxx_final
    Feature record: CXX_FEATURE:1cxx_func_identifier
    Feature record: CXX_FEATURE:1cxx_generalized_initializers
    Feature record: CXX_FEATURE:1cxx_generic_lambdas
    Feature record: CXX_FEATURE:1cxx_inheriting_constructors
    Feature record: CXX_FEATURE:1cxx_inline_namespaces
    Feature record: CXX_FEATURE:1cxx_lambdas
    Feature record: CXX_FEATURE:1cxx_lambda_init_captures
    Feature record: CXX_FEATURE:1cxx_local_type_template_args
    Feature record: CXX_FEATURE:1cxx_long_long_type
    Feature record: CXX_FEATURE:1cxx_noexcept
    Feature record: CXX_FEATURE:1cxx_nonstatic_member_init
    Feature record: CXX_FEATURE:1cxx_nullptr
    Feature record: CXX_FEATURE:1cxx_override
    Feature record: CXX_FEATURE:1cxx_range_for
    Feature record: CXX_FEATURE:1cxx_raw_string_literals
    Feature record: CXX_FEATURE:1cxx_reference_qualified_functions
    Feature record: CXX_FEATURE:1cxx_relaxed_constexpr
    Feature record: CXX_FEATURE:1cxx_return_type_deduction
    Feature record: CXX_FEATURE:1cxx_right_angle_brackets
    Feature record: CXX_FEATURE:1cxx_rvalue_references
    Feature record: CXX_FEATURE:1cxx_sizeof_member
    Feature record: CXX_FEATURE:1cxx_static_assert
    Feature record: CXX_FEATURE:1cxx_strong_enums
    Feature record: CXX_FEATURE:1cxx_template_template_parameters
    Feature record: CXX_FEATURE:1cxx_thread_local
    Feature record: CXX_FEATURE:1cxx_trailing_return_types
    Feature record: CXX_FEATURE:1cxx_unicode_literals
    Feature record: CXX_FEATURE:1cxx_uniform_initialization
    Feature record: CXX_FEATURE:1cxx_unrestricted_unions
    Feature record: CXX_FEATURE:1cxx_user_literals
    Feature record: CXX_FEATURE:1cxx_variable_templates
    Feature record: CXX_FEATURE:1cxx_variadic_macros
    Feature record: CXX_FEATURE:1cxx_variadic_templates


Detecting CXX [-std=c++11] compiler features compiled with the following output:
Change Dir: /root/game/03_01_pf/src/libs/libserver/CMakeFiles/CMakeTmp

Run Build Command(s):/usr/bin/gmake cmTC_a1bfe/fast 
/usr/bin/gmake -f CMakeFiles/cmTC_a1bfe.dir/build.make CMakeFiles/cmTC_a1bfe.dir/build
gmake[1]: 进入目录“/root/game/03_01_pf/src/libs/libserver/CMakeFiles/CMakeTmp”
Building CXX object CMakeFiles/cmTC_a1bfe.dir/feature_tests.cxx.o
/usr/local/gcc-9.1.0/bin/g++    -std=c++11 -o CMakeFiles/cmTC_a1bfe.dir/feature_tests.cxx.o -c /root/game/03_01_pf/src/libs/libserver/CMakeFiles/feature_tests.cxx
Linking CXX executable cmTC_a1bfe
/usr/bin/cmake3 -E cmake_link_script CMakeFiles/cmTC_a1bfe.dir/link.txt --verbose=1
/usr/local/gcc-9.1.0/bin/g++       -rdynamic CMakeFiles/cmTC_a1bfe.dir/feature_tests.cxx.o  -o cmTC_a1bfe 
gmake[1]: 离开目录“/root/game/03_01_pf/src/libs/libserver/CMakeFiles/CMakeTmp”


    Feature record: CXX_FEATURE:0cxx_aggregate_default_initializers
    Feature record: CXX_FEATURE:1cxx_alias_templates
    Feature record: CXX_FEATURE:1cxx_alignas
    Feature record: CXX_FEATURE:1cxx_alignof
    Feature record: CXX_FEATURE:1cxx_attributes
    Feature record: CXX_FEATURE:0cxx_attribute_deprecated
    Feature record: CXX_FEATURE:1cxx_auto_type
    Feature record: CXX_FEATURE:0cxx_binary_literals
    Feature record: CXX_FEATURE:1cxx_constexpr
    Feature record: CXX_FEATURE:0cxx_contextual_conversions
    Feature record: CXX_FEATURE:1cxx_decltype
    Feature record: CXX_FEATURE:0cxx_decltype_auto
    Feature record: CXX_FEATURE:1cxx_decltype_incomplete_return_types
    Feature record: CXX_FEATURE:1cxx_default_function_template_args
    Feature record: CXX_FEATURE:1cxx_defaulted_functions
    Feature record: CXX_FEATURE:1cxx_defaulted_move_initializers
    Feature record: CXX_FEATURE:1cxx_delegating_constructors
    Feature record: CXX_FEATURE:1cxx_deleted_functions
    Feature record: CXX_FEATURE:0cxx_digit_separators
    Feature record: CXX_FEATURE:1cxx_enum_forward_declarations
    Feature record: CXX_FEATURE:1cxx_explicit_conversions
    Feature record: CXX_FEATURE:1cxx_extended_friend_declarations
    Feature record: CXX_FEATURE:1cxx_extern_templates
    Feature record: CXX_FEATURE:1cxx_final
    Feature record: CXX_FEATURE:1cxx_func_identifier
    Feature record: CXX_FEATURE:1cxx_generalized_initializers
    Feature record: CXX_FEATURE:0cxx_generic_lambdas
    Feature record: CXX_FEATURE:1cxx_inheriting_constructors
    Feature record: CXX_FEATURE:1cxx_inline_namespaces
    Feature record: CXX_FEATURE:1cxx_lambdas
    Feature record: CXX_FEATURE:0cxx_lambda_init_captures
    Feature record: CXX_FEATURE:1cxx_local_type_template_args
    Feature record: CXX_FEATURE:1cxx_long_long_type
    Feature record: CXX_FEATURE:1cxx_noexcept
    Feature record: CXX_FEATURE:1cxx_nonstatic_member_init
    Feature record: CXX_FEATURE:1cxx_nullptr
    Feature record: CXX_FEATURE:1cxx_override
    Feature record: CXX_FEATURE:1cxx_range_for
    Feature record: CXX_FEATURE:1cxx_raw_string_literals
    Feature record: CXX_FEATURE:1cxx_reference_qualified_functions
    Feature record: CXX_FEATURE:0cxx_relaxed_constexpr
    Feature record: CXX_FEATURE:0cxx_return_type_deduction
    Feature record: CXX_FEATURE:1cxx_right_angle_brackets
    Feature record: CXX_FEATURE:1cxx_rvalue_references
    Feature record: CXX_FEATURE:1cxx_sizeof_member
    Feature record: CXX_FEATURE:1cxx_static_assert
    Feature record: CXX_FEATURE:1cxx_strong_enums
    Feature record: CXX_FEATURE:1cxx_template_template_parameters
    Feature record: CXX_FEATURE:1cxx_thread_local
    Feature record: CXX_FEATURE:1cxx_trailing_return_types
    Feature record: CXX_FEATURE:1cxx_unicode_literals
    Feature record: CXX_FEATURE:1cxx_uniform_initialization
    Feature record: CXX_FEATURE:1cxx_unrestricted_unions
    Feature record: CXX_FEATURE:1cxx_user_literals
    Feature record: CXX_FEATURE:0cxx_variable_templates
    Feature record: CXX_FEATURE:1cxx_variadic_macros
    Feature record: CXX_FEATURE:1cxx_variadic_templates


Detecting CXX [-std=c++98] compiler features compiled with the following output:
Change Dir: /root/game/03_01_pf/src/libs/libserver/CMakeFiles/CMakeTmp

Run Build Command(s):/usr/bin/gmake cmTC_e0ec9/fast 
/usr/bin/gmake -f CMakeFiles/cmTC_e0ec9.dir/build.make CMakeFiles/cmTC_e0ec9.dir/build
gmake[1]: 进入目录“/root/game/03_01_pf/src/libs/libserver/CMakeFiles/CMakeTmp”
Building CXX object CMakeFiles/cmTC_e0ec9.dir/feature_tests.cxx.o
/usr/local/gcc-9.1.0/bin/g++    -std=c++98 -o CMakeFiles/cmTC_e0ec9.dir/feature_tests.cxx.o -c /root/game/03_01_pf/src/libs/libserver/CMakeFiles/feature_tests.cxx
Linking CXX executable cmTC_e0ec9
/usr/bin/cmake3 -E cmake_link_script CMakeFiles/cmTC_e0ec9.dir/link.txt --verbose=1
/usr/local/gcc-9.1.0/bin/g++       -rdynamic CMakeFiles/cmTC_e0ec9.dir/feature_tests.cxx.o  -o cmTC_e0ec9 
gmake[1]: 离开目录“/root/game/03_01_pf/src/libs/libserver/CMakeFiles/CMakeTmp”


    Feature record: CXX_FEATURE:0cxx_aggregate_default_initializers
    Feature record: CXX_FEATURE:0cxx_alias_templates
    Feature record: CXX_FEATURE:0cxx_alignas
    Feature record: CXX_FEATURE:0cxx_alignof
    Feature record: CXX_FEATURE:0cxx_attributes
    Feature record: CXX_FEATURE:0cxx_attribute_deprecated
    Feature record: CXX_FEATURE:0cxx_auto_type
    Feature record: CXX_FEATURE:0cxx_binary_literals
    Feature record: CXX_FEATURE:0cxx_constexpr
    Feature record: CXX_FEATURE:0cxx_contextual_conversions
    Feature record: CXX_FEATURE:0cxx_decltype
    Feature record: CXX_FEATURE:0cxx_decltype_auto
    Feature record: CXX_FEATURE:0cxx_decltype_incomplete_return_types
    Feature record: CXX_FEATURE:0cxx_default_function_template_args
    Feature record: CXX_FEATURE:0cxx_defaulted_functions
    Feature record: CXX_FEATURE:0cxx_defaulted_move_initializers
    Feature record: CXX_FEATURE:0cxx_delegating_constructors
    Feature record: CXX_FEATURE:0cxx_deleted_functions
    Feature record: CXX_FEATURE:0cxx_digit_separators
    Feature record: CXX_FEATURE:0cxx_enum_forward_declarations
    Feature record: CXX_FEATURE:0cxx_explicit_conversions
    Feature record: CXX_FEATURE:0cxx_extended_friend_declarations
    Feature record: CXX_FEATURE:0cxx_extern_templates
    Feature record: CXX_FEATURE:0cxx_final
    Feature record: CXX_FEATURE:0cxx_func_identifier
    Feature record: CXX_FEATURE:0cxx_generalized_initializers
    Feature record: CXX_FEATURE:0cxx_generic_lambdas
    Feature record: CXX_FEATURE:0cxx_inheriting_constructors
    Feature record: CXX_FEATURE:0cxx_inline_namespaces
    Feature record: CXX_FEATURE:0cxx_lambdas
    Feature record: CXX_FEATURE:0cxx_lambda_init_captures
    Feature record: CXX_FEATURE:0cxx_local_type_template_args
    Feature record: CXX_FEATURE:0cxx_long_long_type
    Feature record: CXX_FEATURE:0cxx_noexcept
    Feature record: CXX_FEATURE:0cxx_nonstatic_member_init
    Feature record: CXX_FEATURE:0cxx_nullptr
    Feature record: CXX_FEATURE:0cxx_override
    Feature record: CXX_FEATURE:0cxx_range_for
    Feature record: CXX_FEATURE:0cxx_raw_string_literals
    Feature record: CXX_FEATURE:0cxx_reference_qualified_functions
    Feature record: CXX_FEATURE:0cxx_relaxed_constexpr
    Feature record: CXX_FEATURE:0cxx_return_type_deduction
    Feature record: CXX_FEATURE:0cxx_right_angle_brackets
    Feature record: CXX_FEATURE:0cxx_rvalue_references
    Feature record: CXX_FEATURE:0cxx_sizeof_member
    Feature record: CXX_FEATURE:0cxx_static_assert
    Feature record: CXX_FEATURE:0cxx_strong_enums
    Feature record: CXX_FEATURE:1cxx_template_template_parameters
    Feature record: CXX_FEATURE:0cxx_thread_local
    Feature record: CXX_FEATURE:0cxx_trailing_return_types
    Feature record: CXX_FEATURE:0cxx_unicode_literals
    Feature record: CXX_FEATURE:0cxx_uniform_initialization
    Feature record: CXX_FEATURE:0cxx_unrestricted_unions
    Feature record: CXX_FEATURE:0cxx_user_literals
    Feature record: CXX_FEATURE:0cxx_variable_templates
    Feature record: CXX_FEATURE:0cxx_variadic_macros
    Feature record: CXX_FEATURE:0cxx_variadic_templates
